<?xml version="1.0" encoding="UTF-8"?>
<testsuite xmlns:xsi="http://www.w3.org/2001/XMLSchema-instance" xsi:noNamespaceSchemaLocation="https://maven.apache.org/surefire/maven-surefire-plugin/xsd/surefire-test-report.xsd" name="com.parkit.parkingsystem.dao.ParkingSpotDAOTest" time="3.343" tests="3" errors="0" skipped="0" failures="0">
  <properties>
[...]
</properties>
  <testcase name="testGetNextAvailableSlot" classname="com.parkit.parkingsystem.dao.ParkingSpotDAOTest" time="2.843"/>
  <testcase name="testUpdateParking" classname="com.parkit.parkingsystem.dao.ParkingSpotDAOTest" time="0.125"/>
  <testcase name="testUpdate2Parking" classname="com.parkit.parkingsystem.dao.ParkingSpotDAOTest" time="0.063"/>
</testsuite>